c:\programing\_c\nymphaea\nymphaea\dependencies\build\glfw\bin-int\debug-windows-x86_64\glfw\context.obj
c:\programing\_c\nymphaea\nymphaea\dependencies\build\glfw\bin-int\debug-windows-x86_64\glfw\win32_monitor.obj
c:\programing\_c\nymphaea\nymphaea\dependencies\build\glfw\bin-int\debug-windows-x86_64\glfw\vulkan.obj
c:\programing\_c\nymphaea\nymphaea\dependencies\build\glfw\bin-int\debug-windows-x86_64\glfw\null_window.obj
c:\programing\_c\nymphaea\nymphaea\dependencies\build\glfw\bin-int\debug-windows-x86_64\glfw\window.obj
c:\programing\_c\nymphaea\nymphaea\dependencies\build\glfw\bin-int\debug-windows-x86_64\glfw\null_joystick.obj
c:\programing\_c\nymphaea\nymphaea\dependencies\build\glfw\bin-int\debug-windows-x86_64\glfw\win32_module.obj
c:\programing\_c\nymphaea\nymphaea\dependencies\build\glfw\bin-int\debug-windows-x86_64\glfw\init.obj
c:\programing\_c\nymphaea\nymphaea\dependencies\build\glfw\bin-int\debug-windows-x86_64\glfw\platform.obj
c:\programing\_c\nymphaea\nymphaea\dependencies\build\glfw\bin-int\debug-windows-x86_64\glfw\win32_init.obj
c:\programing\_c\nymphaea\nymphaea\dependencies\build\glfw\bin-int\debug-windows-x86_64\glfw\egl_context.obj
c:\programing\_c\nymphaea\nymphaea\dependencies\build\glfw\bin-int\debug-windows-x86_64\glfw\win32_window.obj
c:\programing\_c\nymphaea\nymphaea\dependencies\build\glfw\bin-int\debug-windows-x86_64\glfw\null_init.obj
c:\programing\_c\nymphaea\nymphaea\dependencies\build\glfw\bin-int\debug-windows-x86_64\glfw\wgl_context.obj
c:\programing\_c\nymphaea\nymphaea\dependencies\build\glfw\bin-int\debug-windows-x86_64\glfw\input.obj
c:\programing\_c\nymphaea\nymphaea\dependencies\build\glfw\bin-int\debug-windows-x86_64\glfw\monitor.obj
c:\programing\_c\nymphaea\nymphaea\dependencies\build\glfw\bin-int\debug-windows-x86_64\glfw\win32_thread.obj
c:\programing\_c\nymphaea\nymphaea\dependencies\build\glfw\bin-int\debug-windows-x86_64\glfw\null_monitor.obj
c:\programing\_c\nymphaea\nymphaea\dependencies\build\glfw\bin-int\debug-windows-x86_64\glfw\win32_joystick.obj
c:\programing\_c\nymphaea\nymphaea\dependencies\build\glfw\bin-int\debug-windows-x86_64\glfw\osmesa_context.obj
c:\programing\_c\nymphaea\nymphaea\dependencies\build\glfw\bin-int\debug-windows-x86_64\glfw\win32_time.obj
c:\programing\_c\nymphaea\nymphaea\dependencies\build\glfw\bin\debug-windows-x86_64\glfw\glfw.pdb
c:\programing\_c\nymphaea\nymphaea\dependencies\build\glfw\bin\debug-windows-x86_64\glfw\glfw.lib
c:\programing\_c\nymphaea\nymphaea\dependencies\build\glfw\bin-int\debug-windows-x86_64\glfw\glfw.tlog\cl.10364.write.1.tlog
c:\programing\_c\nymphaea\nymphaea\dependencies\build\glfw\bin-int\debug-windows-x86_64\glfw\glfw.tlog\cl.command.1.tlog
c:\programing\_c\nymphaea\nymphaea\dependencies\build\glfw\bin-int\debug-windows-x86_64\glfw\glfw.tlog\cl.items.tlog
c:\programing\_c\nymphaea\nymphaea\dependencies\build\glfw\bin-int\debug-windows-x86_64\glfw\glfw.tlog\cl.read.1.tlog
c:\programing\_c\nymphaea\nymphaea\dependencies\build\glfw\bin-int\debug-windows-x86_64\glfw\glfw.tlog\lib-link.read.1.tlog
c:\programing\_c\nymphaea\nymphaea\dependencies\build\glfw\bin-int\debug-windows-x86_64\glfw\glfw.tlog\lib-link.write.1.tlog
c:\programing\_c\nymphaea\nymphaea\dependencies\build\glfw\bin-int\debug-windows-x86_64\glfw\glfw.tlog\lib.command.1.tlog
